Building DAG of jobs...
Using shell: /homes/analyser/.nextstrain/runtimes/conda/env/bin/bash
Provided cores: 1 (use --cores to define parallelism)
Rules claiming more threads will be scaled down.
Job stats:
job          count
---------  -------
align            1
all              1
ancestral        1
export           1
filter           1
refine           1
traits           1
translate        1
tree             1
total            9

Select jobs to execute...

[Mon Jul 29 13:37:39 2024]
rule filter:
    input: data/sequences.fasta, data/metadata.tsv
    output: results/filtered.fasta
    jobid: 5
    reason: Missing output files: results/filtered.fasta
    resources: tmpdir=/tmp


        augur filter             --sequences data/sequences.fasta             --metadata data/metadata.tsv             --output results/filtered.fasta             --group-by country year month             --sequences-per-group 50             --min-date 1990             --min-length 5481
        
[Mon Jul 29 13:37:44 2024]
Finished job 5.
1 of 9 steps (11%) done
Select jobs to execute...

[Mon Jul 29 13:37:44 2024]
rule align:
    input: results/filtered.fasta, config/west_nile_reference.gb
    output: results/aligned.fasta
    jobid: 4
    reason: Missing output files: results/aligned.fasta; Input files updated by another job: results/filtered.fasta
    resources: tmpdir=/tmp


        augur align             --sequences results/filtered.fasta             --reference-sequence config/west_nile_reference.gb             --output results/aligned.fasta             --fill-gaps             --remove-reference
        
[Mon Jul 29 13:44:06 2024]
Finished job 4.
2 of 9 steps (22%) done
Select jobs to execute...

[Mon Jul 29 13:44:06 2024]
rule tree:
    input: results/aligned.fasta
    output: results/tree_raw.nwk
    jobid: 3
    reason: Missing output files: results/tree_raw.nwk; Input files updated by another job: results/aligned.fasta
    resources: tmpdir=/tmp


        augur tree             --alignment results/aligned.fasta             --output results/tree_raw.nwk
        
[Mon Jul 29 13:46:46 2024]
Finished job 3.
3 of 9 steps (33%) done
Select jobs to execute...

[Mon Jul 29 13:46:46 2024]
rule refine:
    input: results/tree_raw.nwk, results/aligned.fasta, data/metadata.tsv
    output: results/tree.nwk, results/branch_lengths.json
    jobid: 2
    reason: Missing output files: results/tree.nwk, results/branch_lengths.json; Input files updated by another job: results/aligned.fasta, results/tree_raw.nwk
    resources: tmpdir=/tmp


        augur refine             --tree results/tree_raw.nwk             --alignment results/aligned.fasta             --metadata data/metadata.tsv             --output-tree results/tree.nwk             --output-node-data results/branch_lengths.json             --timetree             --coalescent opt             --date-confidence             --date-inference marginal             --clock-filter-iqd 4
        
[Mon Jul 29 14:02:32 2024]
Finished job 2.
4 of 9 steps (44%) done
Select jobs to execute...

[Mon Jul 29 14:02:32 2024]
rule ancestral:
    input: results/tree.nwk, results/aligned.fasta
    output: results/nt_muts.json
    jobid: 7
    reason: Missing output files: results/nt_muts.json; Input files updated by another job: results/aligned.fasta, results/tree.nwk
    resources: tmpdir=/tmp


        augur ancestral             --tree results/tree.nwk             --alignment results/aligned.fasta             --output-node-data results/nt_muts.json             --inference joint
        
[Mon Jul 29 14:03:17 2024]
Finished job 7.
5 of 9 steps (56%) done
Select jobs to execute...

[Mon Jul 29 14:03:17 2024]
rule translate:
    input: results/tree.nwk, results/nt_muts.json, config/west_nile_reference.gb
    output: results/aa_muts.json
    jobid: 8
    reason: Missing output files: results/aa_muts.json; Input files updated by another job: results/tree.nwk, results/nt_muts.json
    resources: tmpdir=/tmp


        augur translate             --tree results/tree.nwk             --ancestral-sequences results/nt_muts.json             --reference-sequence config/west_nile_reference.gb             --output results/aa_muts.json         
[Mon Jul 29 14:03:19 2024]
Finished job 8.
6 of 9 steps (67%) done
Select jobs to execute...

[Mon Jul 29 14:03:19 2024]
rule traits:
    input: results/tree.nwk, data/metadata.tsv
    output: results/traits.json
    jobid: 6
    reason: Missing output files: results/traits.json; Input files updated by another job: results/tree.nwk
    resources: tmpdir=/tmp


        augur traits             --tree results/tree.nwk             --metadata data/metadata.tsv             --output results/traits.json             --columns region country             --confidence             --sampling-bias-correction 3
        
[Mon Jul 29 14:03:53 2024]
Finished job 6.
7 of 9 steps (78%) done
Select jobs to execute...

[Mon Jul 29 14:03:53 2024]
rule export:
    input: results/tree.nwk, data/metadata.tsv, results/branch_lengths.json, results/traits.json, results/nt_muts.json, results/aa_muts.json, config/colors.tsv, config/auspice_config.json, config/description.md
    output: auspice/ena_nextstrain_phylogeny_west-nile.json
    jobid: 1
    reason: Missing output files: auspice/ena_nextstrain_phylogeny_west-nile.json; Input files updated by another job: results/aa_muts.json, results/tree.nwk, results/traits.json, results/nt_muts.json, results/branch_lengths.json
    resources: tmpdir=/tmp


        augur export v2             --tree results/tree.nwk             --metadata data/metadata.tsv             --node-data results/branch_lengths.json results/traits.json results/nt_muts.json results/aa_muts.json             --colors config/colors.tsv             --auspice-config config/auspice_config.json             --description config/description.md             --include-root-sequence             --output auspice/ena_nextstrain_phylogeny_west-nile.json
        
[Mon Jul 29 14:03:58 2024]
Finished job 1.
8 of 9 steps (89%) done
Select jobs to execute...

[Mon Jul 29 14:03:58 2024]
localrule all:
    input: auspice/ena_nextstrain_phylogeny_west-nile.json
    jobid: 0
    reason: Input files updated by another job: auspice/ena_nextstrain_phylogeny_west-nile.json
    resources: tmpdir=/tmp

[Mon Jul 29 14:03:58 2024]
Finished job 0.
9 of 9 steps (100%) done
Complete log: .snakemake/log/2024-07-29T133738.375591.snakemake.log
